<?xml version="1.0" encoding="UTF-8"?>
<!-- Generated by org.testng.reporters.JUnitReportReporter -->
<testsuite hostname="QT-INNO-LT1506" failures="0" tests="1" name="tc.GoogleCheck" time="4.435" errors="0" timestamp="2022-07-20T10:51:53 IST" skipped="0">
  <testcase classname="tc.GoogleCheck" name="t_01_google_search" time="4.435"/>
  <system-out/>
</testsuite> <!-- tc.GoogleCheck -->
